{"/home/user/js-ws-6/node-projects/react-vitest/src/components/Counter.jsx": {"path":"/home/user/js-ws-6/node-projects/react-vitest/src/components/Counter.jsx","statementMap":{"0":{"start":{"line":3,"column":6},"end":{"line":32,"column":null}},"1":{"start":{"line":4,"column":18},"end":{"line":4,"column":null}},"2":{"start":{"line":5,"column":4},"end":{"line":30,"column":null}},"3":{"start":{"line":16,"column":35},"end":{"line":16,"column":null}},"4":{"start":{"line":16,"column":55},"end":{"line":16,"column":64}},"5":{"start":{"line":25,"column":35},"end":{"line":25,"column":null}},"6":{"start":{"line":25,"column":55},"end":{"line":25,"column":64}}},"fnMap":{"0":{"name":"(anonymous_0)","decl":{"start":{"line":3,"column":6},"end":{"line":3,"column":22}},"loc":{"start":{"line":3,"column":22},"end":{"line":32,"column":null}},"line":3},"1":{"name":"(anonymous_1)","decl":{"start":{"line":16,"column":20},"end":{"line":16,"column":35}},"loc":{"start":{"line":16,"column":35},"end":{"line":16,"column":null}},"line":16},"2":{"name":"(anonymous_2)","decl":{"start":{"line":16,"column":35},"end":{"line":16,"column":45}},"loc":{"start":{"line":16,"column":55},"end":{"line":16,"column":64}},"line":16},"3":{"name":"(anonymous_3)","decl":{"start":{"line":25,"column":20},"end":{"line":25,"column":35}},"loc":{"start":{"line":25,"column":35},"end":{"line":25,"column":null}},"line":25},"4":{"name":"(anonymous_4)","decl":{"start":{"line":25,"column":35},"end":{"line":25,"column":45}},"loc":{"start":{"line":25,"column":55},"end":{"line":25,"column":64}},"line":25}},"branchMap":{},"s":{"0":1,"1":5,"2":5,"3":1,"4":1,"5":1,"6":1},"f":{"0":5,"1":1,"2":1,"3":1,"4":1},"b":{},"meta":{"lastBranch":0,"lastFunction":5,"lastStatement":7,"seen":{"s:3:6:32:Infinity":0,"f:3:6:3:22":0,"s:4:18:4:Infinity":1,"s:5:4:30:Infinity":2,"f:16:20:16:35":1,"s:16:35:16:Infinity":3,"f:16:35:16:45":2,"s:16:55:16:64":4,"f:25:20:25:35":3,"s:25:35:25:Infinity":5,"f:25:35:25:45":4,"s:25:55:25:64":6}}}
}
